18:12:26.283 |I| Core                           | RequestBuilder thread:8        | MsBuild process with Id = 101216
18:12:26.285 |I| Core                           | RequestBuilder thread:8        | MsBuild location = E:\Dev_Work\VS2022\MSBuild\Current\Bin\amd64\MSBuild.exe
18:12:26.285 |I| Core                           | RequestBuilder thread:8        | ServerGC = False
18:12:26.285 |I| Core                           | RequestBuilder thread:8        | 
18:12:26.285 |I| Core                           | RequestBuilder thread:8        | Start ControllerTask...
18:12:26.286 |I| Core                           | RequestBuilder thread:8        | Detected version: 17.9
18:12:26.287 |I| Core                           | RequestBuilder thread:8        | Creating SocketWire with port = 63442
18:12:26.309 |I| Core                           | RequestBuilder thread:8        | Create protocol...
18:12:26.363 |I| Core                           | RequestBuilder thread:8        | Create MsBuildModel and advise for new sessions...
18:12:26.402 |I| Core                           | RequestBuilder thread:8        | Subscribe for changes...
18:12:26.403 |I| Core                           | RequestBuilder thread:8        | Setup process watchdog...
18:12:26.405 |I| Core                           | RequestBuilder thread:8        | Run dispatcher...
18:12:26.409 |I| ProcessWatchdog                | WatchParentPid:100904:12       | Monitoring parent process PID:100904
18:12:26.484 |I| Core                           | RequestBuilder thread:8        | Get protocol session 'RdProjectModelSession'
18:12:26.490 |I| Core                           | RequestBuilder thread:8        | Msbuild session 'ProjectModelSessionHost' created
18:12:26.570 |I| ProjectModel                   | RequestBuilder thread:8        | Reloading 8 project(s) in 6 node(s)...
18:12:26.570 |I| ProjectModel                   | RequestBuilder thread:8        | Reason: ColdStartup
18:12:26.574 |I| Build                          | MSBuild LoggingService events queue pump: 30619839:14 | 빌드를 시작했습니다.
18:12:26.579 |I| BuildQueue                     | RequestBuilder thread:8        | Build queue: False
18:12:26.829 |I| ProjectModel                   | RequestBuilder thread:8        | Project 'Assembly-CSharp-Editor-firstpass.csproj' has load-time sensitive targets: XamlMarkupCompilePass1
18:12:26.835 |I| BuildQueue                     | RequestBuilder thread:8        | Build immediately: Assembly-CSharp-Editor-firstpass.csproj
18:12:26.837 |I| Build                          | RequestBuilder thread:8        | Start build 'Assembly-CSharp-Editor-firstpass.csproj' with 1 target frameworks
18:12:26.839 |I| Build                          | RequestBuilder thread:8        | Targets for build: _CheckForInvalidConfigurationAndPlatform;CollectCentralPackageVersions;ResolveReferences;ResolveProjectReferences;ResolveAssemblyReferences;ResolveComReferences;ResolveNativeReferences;ResolveSdkReferences;ResolveFrameworkReferences;ResolvePackageDependenciesDesignTime;DesignTimeMarkupCompilation;Compile;CoreCompile;XamlMarkupCompilePass1
18:12:26.844 |I| ProjectModel                   | RequestBuilder thread:8        | Project 'CodeStage.Maintainer.Editor.csproj' has load-time sensitive targets: XamlMarkupCompilePass1
18:12:26.844 |I| BuildQueue                     | RequestBuilder thread:8        | Build immediately: CodeStage.Maintainer.Editor.csproj
18:12:26.844 |I| Build                          | RequestBuilder thread:8        | Start build 'CodeStage.Maintainer.Editor.csproj' with 1 target frameworks
18:12:26.846 |I| Build                          | RequestBuilder thread:8        | Targets for build: _CheckForInvalidConfigurationAndPlatform;CollectCentralPackageVersions;ResolveReferences;ResolveProjectReferences;ResolveAssemblyReferences;ResolveComReferences;ResolveNativeReferences;ResolveSdkReferences;ResolveFrameworkReferences;ResolvePackageDependenciesDesignTime;DesignTimeMarkupCompilation;Compile;CoreCompile;XamlMarkupCompilePass1
18:12:26.846 |I| ProjectModel                   | RequestBuilder thread:8        | Project 'JetBrains.Frontend.2019.4.csproj' has load-time sensitive targets: XamlMarkupCompilePass1
18:12:26.846 |I| BuildQueue                     | RequestBuilder thread:8        | Build immediately: JetBrains.Frontend.2019.4.csproj
18:12:26.846 |I| Build                          | RequestBuilder thread:8        | Start build 'JetBrains.Frontend.2019.4.csproj' with 1 target frameworks
18:12:27.005 |I| Build                          | RequestBuilder thread:8        | Targets for build: _CheckForInvalidConfigurationAndPlatform;CollectCentralPackageVersions;ResolveReferences;ResolveProjectReferences;ResolveAssemblyReferences;ResolveComReferences;ResolveNativeReferences;ResolveSdkReferences;ResolveFrameworkReferences;ResolvePackageDependenciesDesignTime;DesignTimeMarkupCompilation;Compile;CoreCompile;XamlMarkupCompilePass1
18:12:27.005 |I| ProjectModel                   | RequestBuilder thread:8        | Project 'Assembly-CSharp-firstpass.csproj' has load-time sensitive targets: XamlMarkupCompilePass1
18:12:27.005 |I| BuildQueue                     | RequestBuilder thread:8        | Build immediately: Assembly-CSharp-firstpass.csproj
18:12:27.006 |I| Build                          | RequestBuilder thread:8        | Start build 'Assembly-CSharp-firstpass.csproj' with 1 target frameworks
18:12:27.162 |I| Build                          | RequestBuilder thread:8        | Targets for build: _CheckForInvalidConfigurationAndPlatform;CollectCentralPackageVersions;ResolveReferences;ResolveProjectReferences;ResolveAssemblyReferences;ResolveComReferences;ResolveNativeReferences;ResolveSdkReferences;ResolveFrameworkReferences;ResolvePackageDependenciesDesignTime;DesignTimeMarkupCompilation;Compile;CoreCompile;XamlMarkupCompilePass1
18:12:27.162 |I| ProjectModel                   | RequestBuilder thread:8        | Project 'JetBrains.Frontend.2022.2.csproj' has load-time sensitive targets: XamlMarkupCompilePass1
18:12:27.162 |I| BuildQueue                     | RequestBuilder thread:8        | Build immediately: JetBrains.Frontend.2022.2.csproj
18:12:27.162 |I| Build                          | RequestBuilder thread:8        | Start build 'JetBrains.Frontend.2022.2.csproj' with 1 target frameworks
18:12:27.167 |I| Build                          | :16                            | Finish build part [1/1] for project 'Assembly-CSharp-Editor-firstpass.csproj': Success
18:12:27.167 |I| Build                          | :16                            | Finish build project 'Assembly-CSharp-Editor-firstpass.csproj': Success
18:12:27.172 |I| Build                          | RequestBuilder thread:8        | Targets for build: _CheckForInvalidConfigurationAndPlatform;CollectCentralPackageVersions;ResolveReferences;ResolveProjectReferences;ResolveAssemblyReferences;ResolveComReferences;ResolveNativeReferences;ResolveSdkReferences;ResolveFrameworkReferences;ResolvePackageDependenciesDesignTime;DesignTimeMarkupCompilation;Compile;CoreCompile;XamlMarkupCompilePass1
18:12:27.173 |I| ProjectModel                   | RequestBuilder thread:8        | Project 'Assembly-CSharp.csproj' has load-time sensitive targets: XamlMarkupCompilePass1
18:12:27.173 |I| BuildQueue                     | RequestBuilder thread:8        | Build immediately: Assembly-CSharp.csproj
18:12:27.173 |I| Build                          | RequestBuilder thread:8        | Start build 'Assembly-CSharp.csproj' with 1 target frameworks
18:12:27.385 |I| Build                          | RequestBuilder thread:8        | Targets for build: _CheckForInvalidConfigurationAndPlatform;CollectCentralPackageVersions;ResolveReferences;ResolveProjectReferences;ResolveAssemblyReferences;ResolveComReferences;ResolveNativeReferences;ResolveSdkReferences;ResolveFrameworkReferences;ResolvePackageDependenciesDesignTime;DesignTimeMarkupCompilation;Compile;CoreCompile;XamlMarkupCompilePass1
18:12:27.385 |I| Build                          | :18                            | Finish build part [1/1] for project 'Assembly-CSharp-firstpass.csproj': Success
18:12:27.386 |I| Build                          | :18                            | Finish build project 'Assembly-CSharp-firstpass.csproj': Success
18:12:27.386 |I| ProjectModel                   | RequestBuilder thread:8        | Project 'JetBrains.Frontend.2021.2.csproj' has load-time sensitive targets: XamlMarkupCompilePass1
18:12:27.386 |I| BuildQueue                     | RequestBuilder thread:8        | Build immediately: JetBrains.Frontend.2021.2.csproj
18:12:27.386 |I| Build                          | RequestBuilder thread:8        | Start build 'JetBrains.Frontend.2021.2.csproj' with 1 target frameworks
18:12:27.387 |I| Build                          | RequestBuilder thread:8        | Targets for build: _CheckForInvalidConfigurationAndPlatform;CollectCentralPackageVersions;ResolveReferences;ResolveProjectReferences;ResolveAssemblyReferences;ResolveComReferences;ResolveNativeReferences;ResolveSdkReferences;ResolveFrameworkReferences;ResolvePackageDependenciesDesignTime;DesignTimeMarkupCompilation;Compile;CoreCompile;XamlMarkupCompilePass1
18:12:27.387 |I| ProjectModel                   | RequestBuilder thread:8        | Project 'JetBrains.Frontend.2020.2.csproj' has load-time sensitive targets: XamlMarkupCompilePass1
18:12:27.387 |I| BuildQueue                     | RequestBuilder thread:8        | Build immediately: JetBrains.Frontend.2020.2.csproj
18:12:27.387 |I| Build                          | RequestBuilder thread:8        | Start build 'JetBrains.Frontend.2020.2.csproj' with 1 target frameworks
18:12:27.553 |I| Build                          | RequestBuilder thread:8        | Targets for build: _CheckForInvalidConfigurationAndPlatform;CollectCentralPackageVersions;ResolveReferences;ResolveProjectReferences;ResolveAssemblyReferences;ResolveComReferences;ResolveNativeReferences;ResolveSdkReferences;ResolveFrameworkReferences;ResolvePackageDependenciesDesignTime;DesignTimeMarkupCompilation;Compile;CoreCompile;XamlMarkupCompilePass1
18:12:27.553 |I| Build                          | :17                            | Finish build part [1/1] for project 'CodeStage.Maintainer.Editor.csproj': Success
18:12:27.553 |I| Build                          | :17                            | Finish build project 'CodeStage.Maintainer.Editor.csproj': Success
18:12:27.554 |I| Build                          | :5                             | Finish build part [1/1] for project 'JetBrains.Frontend.2019.4.csproj': Success
18:12:27.554 |I| Build                          | :5                             | Finish build project 'JetBrains.Frontend.2019.4.csproj': Success
18:12:27.576 |I| Build                          | :5                             | Finish build part [1/1] for project 'JetBrains.Frontend.2020.2.csproj': Success
18:12:27.576 |I| Build                          | :5                             | Finish build project 'JetBrains.Frontend.2020.2.csproj': Success
18:12:27.744 |I| Build                          | :15                            | Finish build part [1/1] for project 'Assembly-CSharp.csproj': Success
18:12:27.744 |I| Build                          | :15                            | Finish build project 'Assembly-CSharp.csproj': Success
18:12:27.804 |I| Build                          | :19                            | Finish build part [1/1] for project 'JetBrains.Frontend.2022.2.csproj': Success
18:12:27.804 |I| Build                          | :19                            | Finish build project 'JetBrains.Frontend.2022.2.csproj': Success
18:12:27.869 |I| Build                          | :17                            | Finish build part [1/1] for project 'JetBrains.Frontend.2021.2.csproj': Success
18:12:27.869 |I| Build                          | :17                            | Finish build project 'JetBrains.Frontend.2021.2.csproj': Success
18:12:28.055 |I| Build                          | MSBuild LoggingService events queue pump: 30619839:14 | 빌드했습니다.
18:12:28.057 |I| ProjectModel                   | RequestBuilder thread:8        | Reloading has finished, statistic: 
	Total: 1.48 sec
	Binding: 0.11 sec
	Evaluation: 0.94 sec
19:03:51.206 |I| Core                           | RequestBuilder thread:8        | Connection lost, kill msbuild
