18:40:25.597 |I| Core                           | RequestBuilder thread:8        | MsBuild process with Id = 117548
18:40:25.599 |I| Core                           | RequestBuilder thread:8        | MsBuild location = E:\Dev_Work\VS2022\MSBuild\Current\Bin\amd64\MSBuild.exe
18:40:25.599 |I| Core                           | RequestBuilder thread:8        | ServerGC = False
18:40:25.599 |I| Core                           | RequestBuilder thread:8        | 
18:40:25.599 |I| Core                           | RequestBuilder thread:8        | Start ControllerTask...
18:40:25.601 |I| Core                           | RequestBuilder thread:8        | Detected version: 17.9
18:40:25.604 |I| Core                           | RequestBuilder thread:8        | Creating SocketWire with port = 57463
18:40:25.634 |I| Core                           | RequestBuilder thread:8        | Create protocol...
18:40:25.702 |I| Core                           | RequestBuilder thread:8        | Create MsBuildModel and advise for new sessions...
18:40:25.739 |I| Core                           | RequestBuilder thread:8        | Subscribe for changes...
18:40:25.740 |I| Core                           | RequestBuilder thread:8        | Setup process watchdog...
18:40:25.744 |I| Core                           | RequestBuilder thread:8        | Run dispatcher...
18:40:25.748 |I| ProcessWatchdog                | WatchParentPid:124860:12       | Monitoring parent process PID:124860
18:40:25.813 |I| Core                           | RequestBuilder thread:8        | Get protocol session 'RdProjectModelSession'
18:40:25.819 |I| Core                           | RequestBuilder thread:8        | Msbuild session 'ProjectModelSessionHost' created
18:40:25.891 |I| ProjectModel                   | RequestBuilder thread:8        | Reloading 8 project(s) in 6 node(s)...
18:40:25.892 |I| ProjectModel                   | RequestBuilder thread:8        | Reason: WarmStartup
18:40:25.897 |I| Build                          | MSBuild LoggingService events queue pump: 30619839:14 | 빌드를 시작했습니다.
18:40:25.902 |I| BuildQueue                     | RequestBuilder thread:8        | Build queue: False
18:40:26.093 |I| ProjectModel                   | RequestBuilder thread:8        | Project 'CodeStage.Maintainer.Editor.csproj' has load-time sensitive targets: XamlMarkupCompilePass1
18:40:26.099 |I| BuildQueue                     | RequestBuilder thread:8        | Build immediately: CodeStage.Maintainer.Editor.csproj
18:40:26.102 |I| Build                          | RequestBuilder thread:8        | Start build 'CodeStage.Maintainer.Editor.csproj' with 1 target frameworks
18:40:26.105 |I| Build                          | RequestBuilder thread:8        | Targets for build: _CheckForInvalidConfigurationAndPlatform;CollectCentralPackageVersions;ResolveReferences;ResolveProjectReferences;ResolveAssemblyReferences;ResolveComReferences;ResolveNativeReferences;ResolveSdkReferences;ResolveFrameworkReferences;ResolvePackageDependenciesDesignTime;DesignTimeMarkupCompilation;Compile;CoreCompile;XamlMarkupCompilePass1
18:40:26.109 |I| ProjectModel                   | RequestBuilder thread:8        | Project 'JetBrains.Frontend.2019.4.csproj' has load-time sensitive targets: XamlMarkupCompilePass1
18:40:26.109 |I| BuildQueue                     | RequestBuilder thread:8        | Build immediately: JetBrains.Frontend.2019.4.csproj
18:40:26.109 |I| Build                          | RequestBuilder thread:8        | Start build 'JetBrains.Frontend.2019.4.csproj' with 1 target frameworks
18:40:26.110 |I| Build                          | RequestBuilder thread:8        | Targets for build: _CheckForInvalidConfigurationAndPlatform;CollectCentralPackageVersions;ResolveReferences;ResolveProjectReferences;ResolveAssemblyReferences;ResolveComReferences;ResolveNativeReferences;ResolveSdkReferences;ResolveFrameworkReferences;ResolvePackageDependenciesDesignTime;DesignTimeMarkupCompilation;Compile;CoreCompile;XamlMarkupCompilePass1
18:40:26.111 |I| ProjectModel                   | RequestBuilder thread:8        | Project 'Assembly-CSharp-Editor-firstpass.csproj' has load-time sensitive targets: XamlMarkupCompilePass1
18:40:26.111 |I| BuildQueue                     | RequestBuilder thread:8        | Build immediately: Assembly-CSharp-Editor-firstpass.csproj
18:40:26.111 |I| Build                          | RequestBuilder thread:8        | Start build 'Assembly-CSharp-Editor-firstpass.csproj' with 1 target frameworks
18:40:26.284 |I| Build                          | RequestBuilder thread:8        | Targets for build: _CheckForInvalidConfigurationAndPlatform;CollectCentralPackageVersions;ResolveReferences;ResolveProjectReferences;ResolveAssemblyReferences;ResolveComReferences;ResolveNativeReferences;ResolveSdkReferences;ResolveFrameworkReferences;ResolvePackageDependenciesDesignTime;DesignTimeMarkupCompilation;Compile;CoreCompile;XamlMarkupCompilePass1
18:40:26.284 |I| ProjectModel                   | RequestBuilder thread:8        | Project 'JetBrains.Frontend.2022.2.csproj' has load-time sensitive targets: XamlMarkupCompilePass1
18:40:26.317 |I| BuildQueue                     | RequestBuilder thread:8        | Build immediately: JetBrains.Frontend.2022.2.csproj
18:40:26.317 |I| Build                          | RequestBuilder thread:8        | Start build 'JetBrains.Frontend.2022.2.csproj' with 1 target frameworks
18:40:26.539 |I| Build                          | RequestBuilder thread:8        | Targets for build: _CheckForInvalidConfigurationAndPlatform;CollectCentralPackageVersions;ResolveReferences;ResolveProjectReferences;ResolveAssemblyReferences;ResolveComReferences;ResolveNativeReferences;ResolveSdkReferences;ResolveFrameworkReferences;ResolvePackageDependenciesDesignTime;DesignTimeMarkupCompilation;Compile;CoreCompile;XamlMarkupCompilePass1
18:40:26.540 |I| ProjectModel                   | RequestBuilder thread:8        | Project 'Assembly-CSharp.csproj' has load-time sensitive targets: XamlMarkupCompilePass1
18:40:26.540 |I| BuildQueue                     | RequestBuilder thread:8        | Build immediately: Assembly-CSharp.csproj
18:40:26.540 |I| Build                          | RequestBuilder thread:8        | Start build 'Assembly-CSharp.csproj' with 1 target frameworks
18:40:26.544 |I| Build                          | RequestBuilder thread:8        | Targets for build: _CheckForInvalidConfigurationAndPlatform;CollectCentralPackageVersions;ResolveReferences;ResolveProjectReferences;ResolveAssemblyReferences;ResolveComReferences;ResolveNativeReferences;ResolveSdkReferences;ResolveFrameworkReferences;ResolvePackageDependenciesDesignTime;DesignTimeMarkupCompilation;Compile;CoreCompile;XamlMarkupCompilePass1
18:40:26.544 |I| ProjectModel                   | RequestBuilder thread:8        | Project 'Assembly-CSharp-firstpass.csproj' has load-time sensitive targets: XamlMarkupCompilePass1
18:40:26.544 |I| BuildQueue                     | RequestBuilder thread:8        | Build immediately: Assembly-CSharp-firstpass.csproj
18:40:26.544 |I| Build                          | RequestBuilder thread:8        | Start build 'Assembly-CSharp-firstpass.csproj' with 1 target frameworks
18:40:26.546 |I| Build                          | :5                             | Finish build part [1/1] for project 'CodeStage.Maintainer.Editor.csproj': Success
18:40:26.546 |I| Build                          | :5                             | Finish build project 'CodeStage.Maintainer.Editor.csproj': Success
18:40:26.825 |I| Build                          | RequestBuilder thread:8        | Targets for build: _CheckForInvalidConfigurationAndPlatform;CollectCentralPackageVersions;ResolveReferences;ResolveProjectReferences;ResolveAssemblyReferences;ResolveComReferences;ResolveNativeReferences;ResolveSdkReferences;ResolveFrameworkReferences;ResolvePackageDependenciesDesignTime;DesignTimeMarkupCompilation;Compile;CoreCompile;XamlMarkupCompilePass1
18:40:26.825 |I| Build                          | :16                            | Finish build part [1/1] for project 'JetBrains.Frontend.2022.2.csproj': Success
18:40:26.825 |I| Build                          | :16                            | Finish build project 'JetBrains.Frontend.2022.2.csproj': Success
18:40:26.825 |I| Build                          | :15                            | Finish build part [1/1] for project 'JetBrains.Frontend.2019.4.csproj': Success
18:40:26.825 |I| ProjectModel                   | RequestBuilder thread:8        | Project 'JetBrains.Frontend.2020.2.csproj' has load-time sensitive targets: XamlMarkupCompilePass1
18:40:26.825 |I| Build                          | :15                            | Finish build project 'JetBrains.Frontend.2019.4.csproj': Success
18:40:26.825 |I| BuildQueue                     | RequestBuilder thread:8        | Build immediately: JetBrains.Frontend.2020.2.csproj
18:40:26.825 |I| Build                          | RequestBuilder thread:8        | Start build 'JetBrains.Frontend.2020.2.csproj' with 1 target frameworks
18:40:26.826 |I| Build                          | RequestBuilder thread:8        | Targets for build: _CheckForInvalidConfigurationAndPlatform;CollectCentralPackageVersions;ResolveReferences;ResolveProjectReferences;ResolveAssemblyReferences;ResolveComReferences;ResolveNativeReferences;ResolveSdkReferences;ResolveFrameworkReferences;ResolvePackageDependenciesDesignTime;DesignTimeMarkupCompilation;Compile;CoreCompile;XamlMarkupCompilePass1
18:40:26.827 |I| ProjectModel                   | RequestBuilder thread:8        | Project 'JetBrains.Frontend.2021.2.csproj' has load-time sensitive targets: XamlMarkupCompilePass1
18:40:26.827 |I| BuildQueue                     | RequestBuilder thread:8        | Build immediately: JetBrains.Frontend.2021.2.csproj
18:40:26.827 |I| Build                          | RequestBuilder thread:8        | Start build 'JetBrains.Frontend.2021.2.csproj' with 1 target frameworks
18:40:26.827 |I| Build                          | RequestBuilder thread:8        | Targets for build: _CheckForInvalidConfigurationAndPlatform;CollectCentralPackageVersions;ResolveReferences;ResolveProjectReferences;ResolveAssemblyReferences;ResolveComReferences;ResolveNativeReferences;ResolveSdkReferences;ResolveFrameworkReferences;ResolvePackageDependenciesDesignTime;DesignTimeMarkupCompilation;Compile;CoreCompile;XamlMarkupCompilePass1
18:40:27.058 |I| Build                          | :17                            | Finish build part [1/1] for project 'Assembly-CSharp-firstpass.csproj': Success
18:40:27.058 |I| Build                          | :17                            | Finish build project 'Assembly-CSharp-firstpass.csproj': Success
18:40:27.058 |I| Build                          | :4                             | Finish build part [1/1] for project 'JetBrains.Frontend.2020.2.csproj': Success
18:40:27.058 |I| Build                          | :4                             | Finish build project 'JetBrains.Frontend.2020.2.csproj': Success
18:40:27.058 |I| Build                          | :5                             | Finish build part [1/1] for project 'Assembly-CSharp-Editor-firstpass.csproj': Success
18:40:27.058 |I| Build                          | :5                             | Finish build project 'Assembly-CSharp-Editor-firstpass.csproj': Success
18:40:27.473 |I| Build                          | :5                             | Finish build part [1/1] for project 'JetBrains.Frontend.2021.2.csproj': Success
18:40:27.473 |I| Build                          | :5                             | Finish build project 'JetBrains.Frontend.2021.2.csproj': Success
18:40:27.552 |I| Build                          | :15                            | Finish build part [1/1] for project 'Assembly-CSharp.csproj': Success
18:40:27.552 |I| Build                          | :15                            | Finish build project 'Assembly-CSharp.csproj': Success
18:40:27.735 |I| Build                          | MSBuild LoggingService events queue pump: 30619839:14 | 빌드했습니다.
18:40:27.749 |I| ProjectModel                   | RequestBuilder thread:8        | Reloading has finished, statistic: 
	Total: 1.85 sec
	Binding: 0.16 sec
	Evaluation: 0.63 sec
19:07:06.769 |I| Core                           | RequestBuilder thread:8        | Connection lost, kill msbuild
