18:53:26.695 |I| Core                           | RequestBuilder thread:8        | MsBuild process with Id = 118712
18:53:26.698 |I| Core                           | RequestBuilder thread:8        | MsBuild location = E:\Dev_Work\VS2022\MSBuild\Current\Bin\amd64\MSBuild.exe
18:53:26.698 |I| Core                           | RequestBuilder thread:8        | ServerGC = False
18:53:26.698 |I| Core                           | RequestBuilder thread:8        | 
18:53:26.698 |I| Core                           | RequestBuilder thread:8        | Start ControllerTask...
18:53:26.700 |I| Core                           | RequestBuilder thread:8        | Detected version: 17.9
18:53:26.702 |I| Core                           | RequestBuilder thread:8        | Creating SocketWire with port = 64449
18:53:26.730 |I| Core                           | RequestBuilder thread:8        | Create protocol...
18:53:26.803 |I| Core                           | RequestBuilder thread:8        | Create MsBuildModel and advise for new sessions...
18:53:26.845 |I| Core                           | RequestBuilder thread:8        | Subscribe for changes...
18:53:26.846 |I| Core                           | RequestBuilder thread:8        | Setup process watchdog...
18:53:26.849 |I| Core                           | RequestBuilder thread:8        | Run dispatcher...
18:53:26.855 |I| ProcessWatchdog                | WatchParentPid:129572:12       | Monitoring parent process PID:129572
18:53:26.973 |I| Core                           | RequestBuilder thread:8        | Get protocol session 'RdProjectModelSession'
18:53:26.978 |I| Core                           | RequestBuilder thread:8        | Msbuild session 'ProjectModelSessionHost' created
18:53:27.083 |I| ProjectModel                   | RequestBuilder thread:8        | Reloading 8 project(s) in 6 node(s)...
18:53:27.084 |I| ProjectModel                   | RequestBuilder thread:8        | Reason: ColdStartup
18:53:27.089 |I| Build                          | MSBuild LoggingService events queue pump: 30619839:14 | 빌드를 시작했습니다.
18:53:27.096 |I| BuildQueue                     | RequestBuilder thread:8        | Build queue: False
18:53:27.323 |I| ProjectModel                   | RequestBuilder thread:8        | Project 'Assembly-CSharp-firstpass.csproj' has load-time sensitive targets: XamlMarkupCompilePass1
18:53:27.328 |I| BuildQueue                     | RequestBuilder thread:8        | Build immediately: Assembly-CSharp-firstpass.csproj
18:53:27.332 |I| Build                          | RequestBuilder thread:8        | Start build 'Assembly-CSharp-firstpass.csproj' with 1 target frameworks
18:53:27.336 |I| Build                          | RequestBuilder thread:8        | Targets for build: _CheckForInvalidConfigurationAndPlatform;CollectCentralPackageVersions;ResolveReferences;ResolveProjectReferences;ResolveAssemblyReferences;ResolveComReferences;ResolveNativeReferences;ResolveSdkReferences;ResolveFrameworkReferences;ResolvePackageDependenciesDesignTime;DesignTimeMarkupCompilation;Compile;CoreCompile;XamlMarkupCompilePass1
18:53:27.340 |I| ProjectModel                   | RequestBuilder thread:8        | Project 'Assembly-CSharp.csproj' has load-time sensitive targets: XamlMarkupCompilePass1
18:53:27.340 |I| BuildQueue                     | RequestBuilder thread:8        | Build immediately: Assembly-CSharp.csproj
18:53:27.340 |I| Build                          | RequestBuilder thread:8        | Start build 'Assembly-CSharp.csproj' with 1 target frameworks
18:53:27.344 |I| Build                          | RequestBuilder thread:8        | Targets for build: _CheckForInvalidConfigurationAndPlatform;CollectCentralPackageVersions;ResolveReferences;ResolveProjectReferences;ResolveAssemblyReferences;ResolveComReferences;ResolveNativeReferences;ResolveSdkReferences;ResolveFrameworkReferences;ResolvePackageDependenciesDesignTime;DesignTimeMarkupCompilation;Compile;CoreCompile;XamlMarkupCompilePass1
18:53:27.344 |I| ProjectModel                   | RequestBuilder thread:8        | Project 'Assembly-CSharp-Editor-firstpass.csproj' has load-time sensitive targets: XamlMarkupCompilePass1
18:53:27.344 |I| BuildQueue                     | RequestBuilder thread:8        | Build immediately: Assembly-CSharp-Editor-firstpass.csproj
18:53:27.344 |I| Build                          | RequestBuilder thread:8        | Start build 'Assembly-CSharp-Editor-firstpass.csproj' with 1 target frameworks
18:53:27.561 |I| Build                          | RequestBuilder thread:8        | Targets for build: _CheckForInvalidConfigurationAndPlatform;CollectCentralPackageVersions;ResolveReferences;ResolveProjectReferences;ResolveAssemblyReferences;ResolveComReferences;ResolveNativeReferences;ResolveSdkReferences;ResolveFrameworkReferences;ResolvePackageDependenciesDesignTime;DesignTimeMarkupCompilation;Compile;CoreCompile;XamlMarkupCompilePass1
18:53:27.563 |I| ProjectModel                   | RequestBuilder thread:8        | Project 'JetBrains.Frontend.2019.4.csproj' has load-time sensitive targets: XamlMarkupCompilePass1
18:53:27.563 |I| BuildQueue                     | RequestBuilder thread:8        | Build immediately: JetBrains.Frontend.2019.4.csproj
18:53:27.563 |I| Build                          | RequestBuilder thread:8        | Start build 'JetBrains.Frontend.2019.4.csproj' with 1 target frameworks
18:53:27.574 |I| Build                          | RequestBuilder thread:8        | Targets for build: _CheckForInvalidConfigurationAndPlatform;CollectCentralPackageVersions;ResolveReferences;ResolveProjectReferences;ResolveAssemblyReferences;ResolveComReferences;ResolveNativeReferences;ResolveSdkReferences;ResolveFrameworkReferences;ResolvePackageDependenciesDesignTime;DesignTimeMarkupCompilation;Compile;CoreCompile;XamlMarkupCompilePass1
18:53:27.574 |I| ProjectModel                   | RequestBuilder thread:8        | Project 'JetBrains.Frontend.2022.2.csproj' has load-time sensitive targets: XamlMarkupCompilePass1
18:53:27.574 |I| BuildQueue                     | RequestBuilder thread:8        | Build immediately: JetBrains.Frontend.2022.2.csproj
18:53:27.574 |I| Build                          | RequestBuilder thread:8        | Start build 'JetBrains.Frontend.2022.2.csproj' with 1 target frameworks
18:53:27.576 |I| Build                          | :7                             | Finish build part [1/1] for project 'Assembly-CSharp-firstpass.csproj': Success
18:53:27.576 |I| Build                          | :7                             | Finish build project 'Assembly-CSharp-firstpass.csproj': Success
18:53:27.768 |I| Build                          | RequestBuilder thread:8        | Targets for build: _CheckForInvalidConfigurationAndPlatform;CollectCentralPackageVersions;ResolveReferences;ResolveProjectReferences;ResolveAssemblyReferences;ResolveComReferences;ResolveNativeReferences;ResolveSdkReferences;ResolveFrameworkReferences;ResolvePackageDependenciesDesignTime;DesignTimeMarkupCompilation;Compile;CoreCompile;XamlMarkupCompilePass1
18:53:27.768 |I| ProjectModel                   | RequestBuilder thread:8        | Project 'CodeStage.Maintainer.Editor.csproj' has load-time sensitive targets: XamlMarkupCompilePass1
18:53:27.768 |I| BuildQueue                     | RequestBuilder thread:8        | Build immediately: CodeStage.Maintainer.Editor.csproj
18:53:27.768 |I| Build                          | RequestBuilder thread:8        | Start build 'CodeStage.Maintainer.Editor.csproj' with 1 target frameworks
18:53:27.770 |I| Build                          | RequestBuilder thread:8        | Targets for build: _CheckForInvalidConfigurationAndPlatform;CollectCentralPackageVersions;ResolveReferences;ResolveProjectReferences;ResolveAssemblyReferences;ResolveComReferences;ResolveNativeReferences;ResolveSdkReferences;ResolveFrameworkReferences;ResolvePackageDependenciesDesignTime;DesignTimeMarkupCompilation;Compile;CoreCompile;XamlMarkupCompilePass1
18:53:27.770 |I| ProjectModel                   | RequestBuilder thread:8        | Project 'JetBrains.Frontend.2021.2.csproj' has load-time sensitive targets: XamlMarkupCompilePass1
18:53:27.770 |I| BuildQueue                     | RequestBuilder thread:8        | Build immediately: JetBrains.Frontend.2021.2.csproj
18:53:27.770 |I| Build                          | RequestBuilder thread:8        | Start build 'JetBrains.Frontend.2021.2.csproj' with 1 target frameworks
18:53:27.772 |I| Build                          | RequestBuilder thread:8        | Targets for build: _CheckForInvalidConfigurationAndPlatform;CollectCentralPackageVersions;ResolveReferences;ResolveProjectReferences;ResolveAssemblyReferences;ResolveComReferences;ResolveNativeReferences;ResolveSdkReferences;ResolveFrameworkReferences;ResolvePackageDependenciesDesignTime;DesignTimeMarkupCompilation;Compile;CoreCompile;XamlMarkupCompilePass1
18:53:27.772 |I| ProjectModel                   | RequestBuilder thread:8        | Project 'JetBrains.Frontend.2020.2.csproj' has load-time sensitive targets: XamlMarkupCompilePass1
18:53:27.772 |I| Build                          | :22                            | Finish build part [1/1] for project 'Assembly-CSharp-Editor-firstpass.csproj': Success
18:53:27.772 |I| Build                          | :22                            | Finish build project 'Assembly-CSharp-Editor-firstpass.csproj': Success
18:53:27.772 |I| BuildQueue                     | RequestBuilder thread:8        | Build immediately: JetBrains.Frontend.2020.2.csproj
18:53:27.772 |I| Build                          | RequestBuilder thread:8        | Start build 'JetBrains.Frontend.2020.2.csproj' with 1 target frameworks
18:53:28.016 |I| Build                          | RequestBuilder thread:8        | Targets for build: _CheckForInvalidConfigurationAndPlatform;CollectCentralPackageVersions;ResolveReferences;ResolveProjectReferences;ResolveAssemblyReferences;ResolveComReferences;ResolveNativeReferences;ResolveSdkReferences;ResolveFrameworkReferences;ResolvePackageDependenciesDesignTime;DesignTimeMarkupCompilation;Compile;CoreCompile;XamlMarkupCompilePass1
18:53:28.268 |I| Build                          | :18                            | Finish build part [1/1] for project 'JetBrains.Frontend.2022.2.csproj': Success
18:53:28.268 |I| Build                          | :18                            | Finish build project 'JetBrains.Frontend.2022.2.csproj': Success
18:53:28.268 |I| Build                          | :15                            | Finish build part [1/1] for project 'JetBrains.Frontend.2019.4.csproj': Success
18:53:28.268 |I| Build                          | :15                            | Finish build project 'JetBrains.Frontend.2019.4.csproj': Success
18:53:28.287 |I| Build                          | :5                             | Finish build part [1/1] for project 'JetBrains.Frontend.2020.2.csproj': Success
18:53:28.287 |I| Build                          | :5                             | Finish build project 'JetBrains.Frontend.2020.2.csproj': Success
18:53:28.672 |I| Build                          | :7                             | Finish build part [1/1] for project 'CodeStage.Maintainer.Editor.csproj': Success
18:53:28.672 |I| Build                          | :7                             | Finish build project 'CodeStage.Maintainer.Editor.csproj': Success
18:53:28.774 |I| Build                          | :21                            | Finish build part [1/1] for project 'JetBrains.Frontend.2021.2.csproj': Success
18:53:28.774 |I| Build                          | :21                            | Finish build project 'JetBrains.Frontend.2021.2.csproj': Success
18:53:29.082 |I| Build                          | :4                             | Finish build part [1/1] for project 'Assembly-CSharp.csproj': Success
18:53:29.082 |I| Build                          | :4                             | Finish build project 'Assembly-CSharp.csproj': Success
18:53:29.192 |I| Build                          | MSBuild LoggingService events queue pump: 30619839:14 | 빌드했습니다.
18:53:29.193 |I| ProjectModel                   | RequestBuilder thread:8        | Reloading has finished, statistic: 
	Total: 2.10 sec
	Binding: 0.12 sec
	Evaluation: 0.77 sec
19:07:06.872 |I| Core                           | RequestBuilder thread:8        | Connection lost, kill msbuild
