18:13:12.947 |I| Core                           | RequestBuilder thread:8        | MsBuild process with Id = 101468
18:13:12.949 |I| Core                           | RequestBuilder thread:8        | MsBuild location = E:\Dev_Work\VS2022\MSBuild\Current\Bin\amd64\MSBuild.exe
18:13:12.949 |I| Core                           | RequestBuilder thread:8        | ServerGC = False
18:13:12.949 |I| Core                           | RequestBuilder thread:8        | 
18:13:12.949 |I| Core                           | RequestBuilder thread:8        | Start ControllerTask...
18:13:12.951 |I| Core                           | RequestBuilder thread:8        | Detected version: 17.9
18:13:12.952 |I| Core                           | RequestBuilder thread:8        | Creating SocketWire with port = 63663
18:13:12.978 |I| Core                           | RequestBuilder thread:8        | Create protocol...
18:13:13.044 |I| Core                           | RequestBuilder thread:8        | Create MsBuildModel and advise for new sessions...
18:13:13.085 |I| Core                           | RequestBuilder thread:8        | Subscribe for changes...
18:13:13.085 |I| Core                           | RequestBuilder thread:8        | Setup process watchdog...
18:13:13.089 |I| Core                           | RequestBuilder thread:8        | Run dispatcher...
18:13:13.093 |I| ProcessWatchdog                | WatchParentPid:92700:12        | Monitoring parent process PID:92700
18:13:13.155 |I| Core                           | RequestBuilder thread:8        | Get protocol session 'RdProjectModelSession'
18:13:13.162 |I| Core                           | RequestBuilder thread:8        | Msbuild session 'ProjectModelSessionHost' created
18:13:13.249 |I| ProjectModel                   | RequestBuilder thread:8        | Reloading 8 project(s) in 6 node(s)...
18:13:13.250 |I| ProjectModel                   | RequestBuilder thread:8        | Reason: ColdStartup
18:13:13.255 |I| Build                          | MSBuild LoggingService events queue pump: 30619839:14 | 빌드를 시작했습니다.
18:13:13.260 |I| BuildQueue                     | RequestBuilder thread:8        | Build queue: False
18:13:13.469 |I| ProjectModel                   | RequestBuilder thread:8        | Project 'Assembly-CSharp-Editor-firstpass.csproj' has load-time sensitive targets: XamlMarkupCompilePass1
18:13:13.473 |I| BuildQueue                     | RequestBuilder thread:8        | Build immediately: Assembly-CSharp-Editor-firstpass.csproj
18:13:13.479 |I| Build                          | RequestBuilder thread:8        | Start build 'Assembly-CSharp-Editor-firstpass.csproj' with 1 target frameworks
18:13:13.483 |I| Build                          | RequestBuilder thread:8        | Targets for build: _CheckForInvalidConfigurationAndPlatform;CollectCentralPackageVersions;ResolveReferences;ResolveProjectReferences;ResolveAssemblyReferences;ResolveComReferences;ResolveNativeReferences;ResolveSdkReferences;ResolveFrameworkReferences;ResolvePackageDependenciesDesignTime;DesignTimeMarkupCompilation;Compile;CoreCompile;XamlMarkupCompilePass1
18:13:13.489 |I| ProjectModel                   | RequestBuilder thread:8        | Project 'JetBrains.Frontend.2019.4.csproj' has load-time sensitive targets: XamlMarkupCompilePass1
18:13:13.489 |I| BuildQueue                     | RequestBuilder thread:8        | Build immediately: JetBrains.Frontend.2019.4.csproj
18:13:13.490 |I| Build                          | RequestBuilder thread:8        | Start build 'JetBrains.Frontend.2019.4.csproj' with 1 target frameworks
18:13:13.493 |I| Build                          | RequestBuilder thread:8        | Targets for build: _CheckForInvalidConfigurationAndPlatform;CollectCentralPackageVersions;ResolveReferences;ResolveProjectReferences;ResolveAssemblyReferences;ResolveComReferences;ResolveNativeReferences;ResolveSdkReferences;ResolveFrameworkReferences;ResolvePackageDependenciesDesignTime;DesignTimeMarkupCompilation;Compile;CoreCompile;XamlMarkupCompilePass1
18:13:13.494 |I| ProjectModel                   | RequestBuilder thread:8        | Project 'CodeStage.Maintainer.Editor.csproj' has load-time sensitive targets: XamlMarkupCompilePass1
18:13:13.494 |I| BuildQueue                     | RequestBuilder thread:8        | Build immediately: CodeStage.Maintainer.Editor.csproj
18:13:13.494 |I| Build                          | RequestBuilder thread:8        | Start build 'CodeStage.Maintainer.Editor.csproj' with 1 target frameworks
18:13:13.641 |I| Build                          | RequestBuilder thread:8        | Targets for build: _CheckForInvalidConfigurationAndPlatform;CollectCentralPackageVersions;ResolveReferences;ResolveProjectReferences;ResolveAssemblyReferences;ResolveComReferences;ResolveNativeReferences;ResolveSdkReferences;ResolveFrameworkReferences;ResolvePackageDependenciesDesignTime;DesignTimeMarkupCompilation;Compile;CoreCompile;XamlMarkupCompilePass1
18:13:13.641 |I| ProjectModel                   | RequestBuilder thread:8        | Project 'Assembly-CSharp.csproj' has load-time sensitive targets: XamlMarkupCompilePass1
18:13:13.641 |I| BuildQueue                     | RequestBuilder thread:8        | Build immediately: Assembly-CSharp.csproj
18:13:13.643 |I| Build                          | RequestBuilder thread:8        | Start build 'Assembly-CSharp.csproj' with 1 target frameworks
18:13:13.783 |I| Build                          | RequestBuilder thread:8        | Targets for build: _CheckForInvalidConfigurationAndPlatform;CollectCentralPackageVersions;ResolveReferences;ResolveProjectReferences;ResolveAssemblyReferences;ResolveComReferences;ResolveNativeReferences;ResolveSdkReferences;ResolveFrameworkReferences;ResolvePackageDependenciesDesignTime;DesignTimeMarkupCompilation;Compile;CoreCompile;XamlMarkupCompilePass1
18:13:13.783 |I| ProjectModel                   | RequestBuilder thread:8        | Project 'JetBrains.Frontend.2022.2.csproj' has load-time sensitive targets: XamlMarkupCompilePass1
18:13:13.783 |I| BuildQueue                     | RequestBuilder thread:8        | Build immediately: JetBrains.Frontend.2022.2.csproj
18:13:13.783 |I| Build                          | RequestBuilder thread:8        | Start build 'JetBrains.Frontend.2022.2.csproj' with 1 target frameworks
18:13:13.784 |I| Build                          | RequestBuilder thread:8        | Targets for build: _CheckForInvalidConfigurationAndPlatform;CollectCentralPackageVersions;ResolveReferences;ResolveProjectReferences;ResolveAssemblyReferences;ResolveComReferences;ResolveNativeReferences;ResolveSdkReferences;ResolveFrameworkReferences;ResolvePackageDependenciesDesignTime;DesignTimeMarkupCompilation;Compile;CoreCompile;XamlMarkupCompilePass1
18:13:13.785 |I| ProjectModel                   | RequestBuilder thread:8        | Project 'Assembly-CSharp-firstpass.csproj' has load-time sensitive targets: XamlMarkupCompilePass1
18:13:13.785 |I| BuildQueue                     | RequestBuilder thread:8        | Build immediately: Assembly-CSharp-firstpass.csproj
18:13:13.785 |I| Build                          | RequestBuilder thread:8        | Start build 'Assembly-CSharp-firstpass.csproj' with 1 target frameworks
18:13:13.790 |I| Build                          | :7                             | Finish build part [1/1] for project 'Assembly-CSharp-Editor-firstpass.csproj': Success
18:13:13.790 |I| Build                          | :7                             | Finish build project 'Assembly-CSharp-Editor-firstpass.csproj': Success
18:13:13.967 |I| Build                          | RequestBuilder thread:8        | Targets for build: _CheckForInvalidConfigurationAndPlatform;CollectCentralPackageVersions;ResolveReferences;ResolveProjectReferences;ResolveAssemblyReferences;ResolveComReferences;ResolveNativeReferences;ResolveSdkReferences;ResolveFrameworkReferences;ResolvePackageDependenciesDesignTime;DesignTimeMarkupCompilation;Compile;CoreCompile;XamlMarkupCompilePass1
18:13:13.967 |I| ProjectModel                   | RequestBuilder thread:8        | Project 'JetBrains.Frontend.2021.2.csproj' has load-time sensitive targets: XamlMarkupCompilePass1
18:13:13.968 |I| BuildQueue                     | RequestBuilder thread:8        | Build immediately: JetBrains.Frontend.2021.2.csproj
18:13:13.968 |I| Build                          | RequestBuilder thread:8        | Start build 'JetBrains.Frontend.2021.2.csproj' with 1 target frameworks
18:13:13.968 |I| Build                          | RequestBuilder thread:8        | Targets for build: _CheckForInvalidConfigurationAndPlatform;CollectCentralPackageVersions;ResolveReferences;ResolveProjectReferences;ResolveAssemblyReferences;ResolveComReferences;ResolveNativeReferences;ResolveSdkReferences;ResolveFrameworkReferences;ResolvePackageDependenciesDesignTime;DesignTimeMarkupCompilation;Compile;CoreCompile;XamlMarkupCompilePass1
18:13:13.969 |I| ProjectModel                   | RequestBuilder thread:8        | Project 'JetBrains.Frontend.2020.2.csproj' has load-time sensitive targets: XamlMarkupCompilePass1
18:13:13.969 |I| BuildQueue                     | RequestBuilder thread:8        | Build immediately: JetBrains.Frontend.2020.2.csproj
18:13:13.969 |I| Build                          | RequestBuilder thread:8        | Start build 'JetBrains.Frontend.2020.2.csproj' with 1 target frameworks
18:13:14.156 |I| Build                          | RequestBuilder thread:8        | Targets for build: _CheckForInvalidConfigurationAndPlatform;CollectCentralPackageVersions;ResolveReferences;ResolveProjectReferences;ResolveAssemblyReferences;ResolveComReferences;ResolveNativeReferences;ResolveSdkReferences;ResolveFrameworkReferences;ResolvePackageDependenciesDesignTime;DesignTimeMarkupCompilation;Compile;CoreCompile;XamlMarkupCompilePass1
18:13:14.156 |I| Build                          | :18                            | Finish build part [1/1] for project 'Assembly-CSharp-firstpass.csproj': Success
18:13:14.156 |I| Build                          | :18                            | Finish build project 'Assembly-CSharp-firstpass.csproj': Success
18:13:14.156 |I| Build                          | :16                            | Finish build part [1/1] for project 'JetBrains.Frontend.2019.4.csproj': Success
18:13:14.156 |I| Build                          | :16                            | Finish build project 'JetBrains.Frontend.2019.4.csproj': Success
18:13:14.197 |I| Build                          | :17                            | Finish build part [1/1] for project 'JetBrains.Frontend.2020.2.csproj': Success
18:13:14.197 |I| Build                          | :17                            | Finish build project 'JetBrains.Frontend.2020.2.csproj': Success
18:13:14.355 |I| Build                          | :17                            | Finish build part [1/1] for project 'CodeStage.Maintainer.Editor.csproj': Success
18:13:14.355 |I| Build                          | :17                            | Finish build project 'CodeStage.Maintainer.Editor.csproj': Success
18:13:14.562 |I| Build                          | :5                             | Finish build part [1/1] for project 'JetBrains.Frontend.2022.2.csproj': Success
18:13:14.563 |I| Build                          | :5                             | Finish build project 'JetBrains.Frontend.2022.2.csproj': Success
18:13:14.610 |I| Build                          | :19                            | Finish build part [1/1] for project 'JetBrains.Frontend.2021.2.csproj': Success
18:13:14.610 |I| Build                          | :19                            | Finish build project 'JetBrains.Frontend.2021.2.csproj': Success
18:13:14.618 |I| Build                          | :20                            | Finish build part [1/1] for project 'Assembly-CSharp.csproj': Success
18:13:14.618 |I| Build                          | :20                            | Finish build project 'Assembly-CSharp.csproj': Success
18:13:14.886 |I| Build                          | MSBuild LoggingService events queue pump: 30619839:14 | 빌드했습니다.
18:13:14.887 |I| ProjectModel                   | RequestBuilder thread:8        | Reloading has finished, statistic: 
	Total: 1.63 sec
	Binding: 0.10 sec
	Evaluation: 0.76 sec
18:52:25.147 |E| ProcessWatchdog                | WatchParentPid:92700:12        | Parent process PID:92700 has quit, killing ourselves via Process.Kill
