18:09:59.596 |I| Core                           | RequestBuilder thread:8        | MsBuild process with Id = 97564
18:09:59.598 |I| Core                           | RequestBuilder thread:8        | MsBuild location = E:\Dev_Work\VS2022\MSBuild\Current\Bin\amd64\MSBuild.exe
18:09:59.598 |I| Core                           | RequestBuilder thread:8        | ServerGC = False
18:09:59.598 |I| Core                           | RequestBuilder thread:8        | 
18:09:59.598 |I| Core                           | RequestBuilder thread:8        | Start ControllerTask...
18:09:59.600 |I| Core                           | RequestBuilder thread:8        | Detected version: 17.9
18:09:59.600 |I| Core                           | RequestBuilder thread:8        | Creating SocketWire with port = 62723
18:09:59.623 |I| Core                           | RequestBuilder thread:8        | Create protocol...
18:09:59.684 |I| Core                           | RequestBuilder thread:8        | Create MsBuildModel and advise for new sessions...
18:09:59.725 |I| Core                           | RequestBuilder thread:8        | Subscribe for changes...
18:09:59.725 |I| Core                           | RequestBuilder thread:8        | Setup process watchdog...
18:09:59.728 |I| Core                           | RequestBuilder thread:8        | Run dispatcher...
18:09:59.733 |I| ProcessWatchdog                | WatchParentPid:96888:12        | Monitoring parent process PID:96888
18:09:59.834 |I| Core                           | RequestBuilder thread:8        | Get protocol session 'RdProjectModelSession'
18:09:59.842 |I| Core                           | RequestBuilder thread:8        | Msbuild session 'ProjectModelSessionHost' created
18:09:59.939 |I| ProjectModel                   | RequestBuilder thread:8        | Reloading 8 project(s) in 6 node(s)...
18:09:59.939 |I| ProjectModel                   | RequestBuilder thread:8        | Reason: ColdStartup
18:09:59.943 |I| Build                          | MSBuild LoggingService events queue pump: 30619839:14 | 빌드를 시작했습니다.
18:09:59.949 |I| BuildQueue                     | RequestBuilder thread:8        | Build queue: False
18:10:00.156 |I| ProjectModel                   | RequestBuilder thread:8        | Project 'JetBrains.Frontend.2019.4.csproj' has load-time sensitive targets: XamlMarkupCompilePass1
18:10:00.160 |I| BuildQueue                     | RequestBuilder thread:8        | Build immediately: JetBrains.Frontend.2019.4.csproj
18:10:00.162 |I| Build                          | RequestBuilder thread:8        | Start build 'JetBrains.Frontend.2019.4.csproj' with 1 target frameworks
18:10:00.165 |I| Build                          | RequestBuilder thread:8        | Targets for build: _CheckForInvalidConfigurationAndPlatform;CollectCentralPackageVersions;ResolveReferences;ResolveProjectReferences;ResolveAssemblyReferences;ResolveComReferences;ResolveNativeReferences;ResolveSdkReferences;ResolveFrameworkReferences;ResolvePackageDependenciesDesignTime;DesignTimeMarkupCompilation;Compile;CoreCompile;XamlMarkupCompilePass1
18:10:00.170 |I| ProjectModel                   | RequestBuilder thread:8        | Project 'JetBrains.Frontend.2022.2.csproj' has load-time sensitive targets: XamlMarkupCompilePass1
18:10:00.170 |I| BuildQueue                     | RequestBuilder thread:8        | Build immediately: JetBrains.Frontend.2022.2.csproj
18:10:00.170 |I| Build                          | RequestBuilder thread:8        | Start build 'JetBrains.Frontend.2022.2.csproj' with 1 target frameworks
18:10:00.171 |I| Build                          | RequestBuilder thread:8        | Targets for build: _CheckForInvalidConfigurationAndPlatform;CollectCentralPackageVersions;ResolveReferences;ResolveProjectReferences;ResolveAssemblyReferences;ResolveComReferences;ResolveNativeReferences;ResolveSdkReferences;ResolveFrameworkReferences;ResolvePackageDependenciesDesignTime;DesignTimeMarkupCompilation;Compile;CoreCompile;XamlMarkupCompilePass1
18:10:00.171 |I| ProjectModel                   | RequestBuilder thread:8        | Project 'Assembly-CSharp.csproj' has load-time sensitive targets: XamlMarkupCompilePass1
18:10:00.172 |I| BuildQueue                     | RequestBuilder thread:8        | Build immediately: Assembly-CSharp.csproj
18:10:00.172 |I| Build                          | RequestBuilder thread:8        | Start build 'Assembly-CSharp.csproj' with 1 target frameworks
18:10:00.326 |I| Build                          | RequestBuilder thread:8        | Targets for build: _CheckForInvalidConfigurationAndPlatform;CollectCentralPackageVersions;ResolveReferences;ResolveProjectReferences;ResolveAssemblyReferences;ResolveComReferences;ResolveNativeReferences;ResolveSdkReferences;ResolveFrameworkReferences;ResolvePackageDependenciesDesignTime;DesignTimeMarkupCompilation;Compile;CoreCompile;XamlMarkupCompilePass1
18:10:00.335 |I| ProjectModel                   | RequestBuilder thread:8        | Project 'Assembly-CSharp-firstpass.csproj' has load-time sensitive targets: XamlMarkupCompilePass1
18:10:00.335 |I| BuildQueue                     | RequestBuilder thread:8        | Build immediately: Assembly-CSharp-firstpass.csproj
18:10:00.335 |I| Build                          | RequestBuilder thread:8        | Start build 'Assembly-CSharp-firstpass.csproj' with 1 target frameworks
18:10:00.495 |I| Build                          | RequestBuilder thread:8        | Targets for build: _CheckForInvalidConfigurationAndPlatform;CollectCentralPackageVersions;ResolveReferences;ResolveProjectReferences;ResolveAssemblyReferences;ResolveComReferences;ResolveNativeReferences;ResolveSdkReferences;ResolveFrameworkReferences;ResolvePackageDependenciesDesignTime;DesignTimeMarkupCompilation;Compile;CoreCompile;XamlMarkupCompilePass1
18:10:00.496 |I| ProjectModel                   | RequestBuilder thread:8        | Project 'Assembly-CSharp-Editor-firstpass.csproj' has load-time sensitive targets: XamlMarkupCompilePass1
18:10:00.496 |I| BuildQueue                     | RequestBuilder thread:8        | Build immediately: Assembly-CSharp-Editor-firstpass.csproj
18:10:00.496 |I| Build                          | RequestBuilder thread:8        | Start build 'Assembly-CSharp-Editor-firstpass.csproj' with 1 target frameworks
18:10:00.500 |I| Build                          | RequestBuilder thread:8        | Targets for build: _CheckForInvalidConfigurationAndPlatform;CollectCentralPackageVersions;ResolveReferences;ResolveProjectReferences;ResolveAssemblyReferences;ResolveComReferences;ResolveNativeReferences;ResolveSdkReferences;ResolveFrameworkReferences;ResolvePackageDependenciesDesignTime;DesignTimeMarkupCompilation;Compile;CoreCompile;XamlMarkupCompilePass1
18:10:00.500 |I| ProjectModel                   | RequestBuilder thread:8        | Project 'CodeStage.Maintainer.Editor.csproj' has load-time sensitive targets: XamlMarkupCompilePass1
18:10:00.500 |I| BuildQueue                     | RequestBuilder thread:8        | Build immediately: CodeStage.Maintainer.Editor.csproj
18:10:00.500 |I| Build                          | RequestBuilder thread:8        | Start build 'CodeStage.Maintainer.Editor.csproj' with 1 target frameworks
18:10:00.501 |I| Build                          | :15                            | Finish build part [1/1] for project 'JetBrains.Frontend.2019.4.csproj': Success
18:10:00.501 |I| Build                          | :15                            | Finish build project 'JetBrains.Frontend.2019.4.csproj': Success
18:10:00.689 |I| Build                          | RequestBuilder thread:8        | Targets for build: _CheckForInvalidConfigurationAndPlatform;CollectCentralPackageVersions;ResolveReferences;ResolveProjectReferences;ResolveAssemblyReferences;ResolveComReferences;ResolveNativeReferences;ResolveSdkReferences;ResolveFrameworkReferences;ResolvePackageDependenciesDesignTime;DesignTimeMarkupCompilation;Compile;CoreCompile;XamlMarkupCompilePass1
18:10:00.689 |I| ProjectModel                   | RequestBuilder thread:8        | Project 'JetBrains.Frontend.2020.2.csproj' has load-time sensitive targets: XamlMarkupCompilePass1
18:10:00.689 |I| Build                          | :18                            | Finish build part [1/1] for project 'Assembly-CSharp-firstpass.csproj': Success
18:10:00.689 |I| Build                          | :18                            | Finish build project 'Assembly-CSharp-firstpass.csproj': Success
18:10:00.689 |I| BuildQueue                     | RequestBuilder thread:8        | Build immediately: JetBrains.Frontend.2020.2.csproj
18:10:00.689 |I| Build                          | RequestBuilder thread:8        | Start build 'JetBrains.Frontend.2020.2.csproj' with 1 target frameworks
18:10:00.729 |I| Build                          | RequestBuilder thread:8        | Targets for build: _CheckForInvalidConfigurationAndPlatform;CollectCentralPackageVersions;ResolveReferences;ResolveProjectReferences;ResolveAssemblyReferences;ResolveComReferences;ResolveNativeReferences;ResolveSdkReferences;ResolveFrameworkReferences;ResolvePackageDependenciesDesignTime;DesignTimeMarkupCompilation;Compile;CoreCompile;XamlMarkupCompilePass1
18:10:00.729 |I| ProjectModel                   | RequestBuilder thread:8        | Project 'JetBrains.Frontend.2021.2.csproj' has load-time sensitive targets: XamlMarkupCompilePass1
18:10:00.730 |I| BuildQueue                     | RequestBuilder thread:8        | Build immediately: JetBrains.Frontend.2021.2.csproj
18:10:00.730 |I| Build                          | RequestBuilder thread:8        | Start build 'JetBrains.Frontend.2021.2.csproj' with 1 target frameworks
18:10:00.951 |I| Build                          | RequestBuilder thread:8        | Targets for build: _CheckForInvalidConfigurationAndPlatform;CollectCentralPackageVersions;ResolveReferences;ResolveProjectReferences;ResolveAssemblyReferences;ResolveComReferences;ResolveNativeReferences;ResolveSdkReferences;ResolveFrameworkReferences;ResolvePackageDependenciesDesignTime;DesignTimeMarkupCompilation;Compile;CoreCompile;XamlMarkupCompilePass1
18:10:00.951 |I| Build                          | :21                            | Finish build part [1/1] for project 'CodeStage.Maintainer.Editor.csproj': Success
18:10:00.951 |I| Build                          | :21                            | Finish build project 'CodeStage.Maintainer.Editor.csproj': Success
18:10:00.951 |I| Build                          | :7                             | Finish build part [1/1] for project 'JetBrains.Frontend.2022.2.csproj': Success
18:10:00.951 |I| Build                          | :7                             | Finish build project 'JetBrains.Frontend.2022.2.csproj': Success
18:10:00.973 |W| ProjectModel                   | :21                            | Cannot bind project. Attempt 1. Exception: 컬렉션이 수정되었습니다. 열거 작업이 실행되지 않을 수도 있습니다.
18:10:01.020 |I| Build                          | :17                            | Finish build part [1/1] for project 'JetBrains.Frontend.2021.2.csproj': Success
18:10:01.020 |I| Build                          | :17                            | Finish build project 'JetBrains.Frontend.2021.2.csproj': Success
18:10:01.155 |I| Build                          | :20                            | Finish build part [1/1] for project 'Assembly-CSharp-Editor-firstpass.csproj': Success
18:10:01.156 |I| Build                          | :20                            | Finish build project 'Assembly-CSharp-Editor-firstpass.csproj': Success
18:10:01.378 |I| Build                          | :17                            | Finish build part [1/1] for project 'JetBrains.Frontend.2020.2.csproj': Success
18:10:01.378 |I| Build                          | :17                            | Finish build project 'JetBrains.Frontend.2020.2.csproj': Success
18:10:01.384 |I| Build                          | :4                             | Finish build part [1/1] for project 'Assembly-CSharp.csproj': Success
18:10:01.384 |I| Build                          | :4                             | Finish build project 'Assembly-CSharp.csproj': Success
18:10:01.585 |I| Build                          | MSBuild LoggingService events queue pump: 30619839:14 | 빌드했습니다.
18:10:01.587 |I| ProjectModel                   | RequestBuilder thread:8        | Reloading has finished, statistic: 
	Total: 1.64 sec
	Binding: 0.18 sec
	Evaluation: 0.72 sec
18:22:20.095 |I| Core                           | RequestBuilder thread:8        | Connection lost, kill msbuild
